{"message":"Listening on port 5000","level":"info"}
{"message":"Listening on port 5000","level":"info"}
{"message":"Listening on port 5000","level":"info"}
{"message":"Listening on port 5000","level":"info"}
{"message":"Listening on port 5000","level":"info"}
{"message":"new here: rasrasgfgf","level":"info"}
{"message":"4cef2e4c-e2f9-4bcc-8065-59c4068e496d returned from callback","level":"info"}
{"message":"rasrasgfgf got acsess token","level":"info"}
{"message":"emitting roomEmpty for rasrasgfgf","level":"info"}
{"message":"new here: rasrasgfgf","level":"info"}
{"message":"64df3344-5935-45e1-912a-b18370a68f38 returned from callback","level":"info"}
{"message":"rasrasgfgf got acsess token","level":"info"}
{"message":"Listening on port 5000","level":"info"}
{"message":"Listening on port 5000","level":"info"}
{"message":"Listening on port 5000","level":"info"}
{"message":"Listening on port 5000","level":"info"}
{"message":"new here: rasrasgfgf","level":"info"}
{"message":"94901c60-7d33-457b-843d-ea358b480744 returned from callback","level":"info"}
{"message":"rasrasgfgf got acsess token","level":"info"}
{"message":"emitting roomEmpty for rasrasgfgf","level":"info"}
{"message":"new here: rrr","level":"info"}
{"message":"f18bc494-56ce-46dd-8482-cf433628a8eb returned from callback","level":"info"}
{"message":"rrr got acsess token","level":"info"}
{"message":"Listening on port 5000","level":"info"}
{"message":"new here: rrr","level":"info"}
{"message":"new here: rrr","level":"info"}
{"message":"a9c43b10-59d2-4825-93eb-c1dd080b3f5f returned from callback","level":"info"}
{"message":"rrr got acsess token","level":"info"}
{"message":"ac987ac8-49f2-4cfc-8bed-cd1c4567ebf1 returned from callback","level":"info"}
{"message":"emitting roomEmpty for rrr","level":"info"}
{"message":"rrr got acsess token","level":"info"}
{"message":"Listening on port 5000","level":"info"}
{"message":"Listening on port 5000","level":"info"}
{"message":"new here: rrr","level":"info"}
{"message":"981051f6-ee0f-4e55-b85d-94dde071f9d0 returned from callback","level":"info"}
{"message":"rrr got acsess token","level":"info"}
{"message":"emitting roomEmpty for rrr","level":"info"}
{"message":"new here: rrr","level":"info"}
{"message":"e3b87b57-d5d6-456d-8ec5-740d7a72c9d1 returned from callback","level":"info"}
{"message":"rrr got acsess token","level":"info"}
{"message":"Listening on port 5000","level":"info"}
{"message":"Listening on port 5000","level":"info"}
{"message":"Listening on port 5000","level":"info"}
{"message":"Listening on port 5000","level":"info"}
{"message":"new here: rasrasgfgf","level":"info"}
{"message":"f0d04dc4-e980-4aae-885c-28150a8c5539 returned from callback","level":"info"}
{"message":"rasrasgfgf got acsess token","level":"info"}
{"message":"emitting roomEmpty for rasrasgfgf","level":"info"}
{"message":"new here: rrr","level":"info"}
{"message":"de107937-ecae-411f-9c3f-1246719ec4b8 returned from callback","level":"info"}
{"message":"rrr got acsess token","level":"info"}
{"message":"Listening on port 5000","level":"info"}
{"message":"Listening on port 5000","level":"info"}
{"message":"new here: rasrasgfgf","level":"info"}
{"message":"bd5d80af-6254-4bd5-b43a-a1dd6e3accc8 returned from callback","level":"info"}
{"message":"rasrasgfgf got acsess token","level":"info"}
{"message":"emitting roomEmpty for rasrasgfgf","level":"info"}
{"message":"new here: rasrasgfgf","level":"info"}
{"message":"3cce7ca6-9f6b-41d4-a861-629bdd124e70 returned from callback","level":"info"}
{"message":"rasrasgfgf got acsess token","level":"info"}
{"message":"new here: rasrasgfgf","level":"info"}
{"message":"b7055f04-cb7e-4b68-81f8-de8513c89f54 returned from callback","level":"info"}
{"message":"rasrasgfgf got acsess token","level":"info"}
{"message":"new message: You have a great taste!","level":"info"}
